<?xml version="1.0" encoding="UTF-8"?>
<testng-results skipped="0" failed="0" total="2" passed="2">
  <reporter-output>
  </reporter-output>
  <suite name="Default suite" duration-ms="14334" started-at="2020-07-07T07:02:45Z" finished-at="2020-07-07T07:03:00Z">
    <groups>
    </groups>
    <test name="Default test" duration-ms="14334" started-at="2020-07-07T07:02:45Z" finished-at="2020-07-07T07:03:00Z">
      <class name="com.hubspot.tests.LoginPageTest">
        <test-method status="PASS" signature="setUp()[pri:0, instance:com.hubspot.tests.LoginPageTest@11531931]" name="setUp" is-config="true" duration-ms="7110" started-at="2020-07-07T03:02:45Z" finished-at="2020-07-07T03:02:52Z">
          <reporter-output>
          </reporter-output>
        </test-method> <!-- setUp -->
        <test-method status="PASS" signature="getTitle()[pri:1, instance:com.hubspot.tests.LoginPageTest@11531931]" name="getTitle" duration-ms="35" started-at="2020-07-07T03:02:52Z" finished-at="2020-07-07T03:02:53Z">
          <reporter-output>
          </reporter-output>
        </test-method> <!-- getTitle -->
        <test-method status="PASS" signature="tearDown()[pri:0, instance:com.hubspot.tests.LoginPageTest@11531931]" name="tearDown" is-config="true" duration-ms="105" started-at="2020-07-07T03:02:53Z" finished-at="2020-07-07T03:02:53Z">
          <reporter-output>
          </reporter-output>
        </test-method> <!-- tearDown -->
        <test-method status="PASS" signature="setUp()[pri:0, instance:com.hubspot.tests.LoginPageTest@11531931]" name="setUp" is-config="true" duration-ms="6232" started-at="2020-07-07T03:02:53Z" finished-at="2020-07-07T03:02:59Z">
          <reporter-output>
          </reporter-output>
        </test-method> <!-- setUp -->
        <test-method status="PASS" signature="loginTest()[pri:2, instance:com.hubspot.tests.LoginPageTest@11531931]" name="loginTest" duration-ms="740" started-at="2020-07-07T03:02:59Z" finished-at="2020-07-07T03:03:00Z">
          <reporter-output>
          </reporter-output>
        </test-method> <!-- loginTest -->
        <test-method status="PASS" signature="tearDown()[pri:0, instance:com.hubspot.tests.LoginPageTest@11531931]" name="tearDown" is-config="true" duration-ms="99" started-at="2020-07-07T03:03:00Z" finished-at="2020-07-07T03:03:00Z">
          <reporter-output>
          </reporter-output>
        </test-method> <!-- tearDown -->
      </class> <!-- com.hubspot.tests.LoginPageTest -->
    </test> <!-- Default test -->
  </suite> <!-- Default suite -->
</testng-results>
